2024-10-10 14:05:55,776 - root - INFO - Starting Modbus communication thread...
2024-10-10 14:05:55,778 - root - INFO - Modbus thread started successfully.
2024-10-10 14:05:56,761 - root - INFO - Starting Modbus communication thread...
2024-10-10 14:05:56,763 - root - INFO - Modbus thread started successfully.
2024-10-10 14:05:56,831 - django.utils.autoreload - INFO - Watching for file changes with StatReloader
2024-10-10 14:33:43,116 - root - INFO - Starting Modbus communication thread...
2024-10-10 14:33:43,118 - root - INFO - Modbus thread started successfully.
2024-10-10 14:33:43,596 - root - INFO - Starting Modbus communication thread...
2024-10-10 14:33:43,597 - root - INFO - Modbus thread started successfully.
2024-10-10 14:33:43,619 - django.utils.autoreload - INFO - Watching for file changes with StatReloader
2024-10-10 14:59:18,023 - django.request - WARNING - Not Found: /
2024-10-10 14:59:18,026 - django.server - WARNING - "GET / HTTP/1.1" 404 2518
2024-10-10 14:59:18,282 - django.request - WARNING - Not Found: /favicon.ico
2024-10-10 14:59:18,283 - django.server - WARNING - "GET /favicon.ico HTTP/1.1" 404 2569
2024-10-10 14:59:24,281 - django.server - INFO - "GET /Ramen/ HTTP/1.1" 200 1684
2024-10-10 14:59:24,338 - django.server - INFO - "GET /static/img/touth-black.png HTTP/1.1" 200 5557
2024-10-10 14:59:24,339 - django.server - INFO - "GET /static/css/style.css HTTP/1.1" 200 5621
2024-10-10 14:59:24,340 - django.server - INFO - "GET /static/img/fork-white.png HTTP/1.1" 200 6848
2024-10-10 14:59:24,341 - django.server - INFO - "GET /static/img/ABIMAN-CI-bagic.png HTTP/1.1" 200 10572
2024-10-10 14:59:25,910 - django.server - INFO - "GET /static/img/kitchen-bg.jpg HTTP/1.1" 200 17019309
2024-10-10 14:59:47,222 - django.server - INFO - "GET /Ramen/index02/ HTTP/1.1" 200 1768
2024-10-10 14:59:47,399 - django.server - INFO - "GET /static/img/ABIMAN-CI-white.png HTTP/1.1" 200 10874
2024-10-10 14:59:47,401 - django.server - INFO - "GET /static/img/touth-white-17-18.png HTTP/1.1" 200 5213
2024-10-10 14:59:47,404 - django.server - INFO - "GET /static/css/style%2002.css HTTP/1.1" 200 4768
2024-10-10 14:59:47,405 - django.server - INFO - "GET /static/img/shopping-white.png HTTP/1.1" 200 10009
2024-10-10 14:59:47,774 - django.server - INFO - "GET /static/img/raman-03.jpg HTTP/1.1" 200 4110880
2024-10-10 14:59:52,728 - django.server - INFO - "GET /Ramen/index04/ HTTP/1.1" 200 2201
2024-10-10 14:59:52,779 - django.server - INFO - "GET /static/img/ABIMAN-CI-white.png HTTP/1.1" 200 10874
2024-10-10 14:59:52,779 - django.server - INFO - "GET /static/css/style%2004.css HTTP/1.1" 200 5794
2024-10-10 14:59:52,784 - django.server - INFO - "GET /static/img/left.png HTTP/1.1" 200 7733
2024-10-10 14:59:52,785 - django.server - INFO - "GET /static/img/right-plus.png HTTP/1.1" 200 7788
2024-10-10 14:59:52,789 - django.server - INFO - "GET /static/img/again.png HTTP/1.1" 200 9408
2024-10-10 14:59:52,796 - django.server - INFO - "GET /static/js/order_count.js HTTP/1.1" 200 1010
2024-10-10 14:59:52,797 - django.server - INFO - "GET /static/img/check.png HTTP/1.1" 200 10761
2024-10-10 14:59:53,035 - django.server - INFO - "GET /static/img/raman-03.jpg HTTP/1.1" 200 4110880
2024-10-10 14:59:54,889 - django.server - INFO - "GET /Ramen/db_index00/?count=1 HTTP/1.1" 200 2191
2024-10-10 14:59:55,013 - django.server - INFO - "GET /static/css/db_style00.css HTTP/1.1" 200 3005
2024-10-10 14:59:55,016 - django.server - INFO - "GET /static/js/number_pad.js HTTP/1.1" 200 900
2024-10-10 14:59:55,396 - django.server - INFO - "GET /static/img/raman-03.jpg HTTP/1.1" 200 4110880
2024-10-10 15:01:58,710 - django.server - INFO - "GET /Ramen/db_index00/?count=1 HTTP/1.1" 200 2191
2024-10-10 15:01:58,749 - django.server - INFO - "GET /static/css/db_style00.css HTTP/1.1" 200 3006
2024-10-10 15:01:58,749 - django.server - INFO - "GET /static/js/number_pad.js HTTP/1.1" 200 900
2024-10-10 15:01:59,134 - django.server - INFO - "GET /static/img/raman-03.jpg HTTP/1.1" 200 4110880
2024-10-10 15:02:00,013 - django.server - INFO - "GET /Ramen/db_index00/?count=1 HTTP/1.1" 200 2191
2024-10-10 15:02:00,070 - django.server - INFO - "GET /static/css/db_style00.css HTTP/1.1" 200 3006
2024-10-10 15:02:00,072 - django.server - INFO - "GET /static/js/number_pad.js HTTP/1.1" 200 900
2024-10-10 15:02:00,369 - django.server - INFO - "GET /static/img/raman-03.jpg HTTP/1.1" 200 4110880
2024-10-10 15:02:06,336 - django.server - INFO - "GET /Ramen/db_index00/?count=1 HTTP/1.1" 200 2191
2024-10-10 15:02:06,380 - django.server - INFO - "GET /static/css/db_style00.css HTTP/1.1" 200 3005
2024-10-10 15:02:06,380 - django.server - INFO - "GET /static/js/number_pad.js HTTP/1.1" 200 900
2024-10-10 15:02:06,676 - django.server - INFO - "GET /static/img/raman-03.jpg HTTP/1.1" 200 4110880
2024-10-10 15:02:33,691 - django.server - INFO - "GET /Ramen/db_index00/?count=1 HTTP/1.1" 200 2191
2024-10-10 15:02:33,741 - django.server - INFO - "GET /static/css/db_style00.css HTTP/1.1" 200 3028
2024-10-10 15:02:33,742 - django.server - INFO - "GET /static/js/number_pad.js HTTP/1.1" 200 900
2024-10-10 15:02:34,044 - django.server - INFO - "GET /static/img/raman-03.jpg HTTP/1.1" 200 4110880
2024-10-10 15:03:05,772 - django.server - INFO - "GET /Ramen/db_index00/?count=1 HTTP/1.1" 200 2191
2024-10-10 15:03:05,834 - django.server - INFO - "GET /static/css/db_style00.css HTTP/1.1" 200 3047
2024-10-10 15:03:05,835 - django.server - INFO - "GET /static/js/number_pad.js HTTP/1.1" 200 900
2024-10-10 15:03:06,124 - django.server - INFO - "GET /static/img/raman-03.jpg HTTP/1.1" 200 4110880
2024-10-10 15:03:42,609 - django.server - INFO - "GET /Ramen/db_index00/?count=1 HTTP/1.1" 200 2191
2024-10-10 15:03:42,653 - django.server - INFO - "GET /static/css/db_style00.css HTTP/1.1" 200 3047
2024-10-10 15:03:42,653 - django.server - INFO - "GET /static/js/number_pad.js HTTP/1.1" 200 900
2024-10-10 15:03:42,939 - django.server - INFO - "GET /static/img/raman-03.jpg HTTP/1.1" 200 4110880
2024-10-10 15:08:49,986 - django.server - INFO - "GET /Ramen/db_index00/?count=1 HTTP/1.1" 200 2195
2024-10-10 15:08:50,359 - django.server - INFO - "GET /static/img/raman-03.jpg HTTP/1.1" 200 4110880
2024-10-10 15:12:36,050 - django.server - INFO - "GET /Ramen/db_index00/?count=1 HTTP/1.1" 200 2215
2024-10-10 15:12:36,101 - django.server - INFO - "GET /static/css/db_style00.css HTTP/1.1" 200 3425
2024-10-10 15:12:36,103 - django.server - INFO - "GET /static/js/number_pad.js HTTP/1.1" 200 900
2024-10-10 15:12:36,396 - django.server - INFO - "GET /static/img/raman-03.jpg HTTP/1.1" 200 4110880
2024-10-10 15:13:07,103 - django.server - INFO - "GET /Ramen/db_index00/?count=1 HTTP/1.1" 200 2395
2024-10-10 15:13:07,196 - django.server - INFO - "GET /static/css/db_style00.css HTTP/1.1" 200 3425
2024-10-10 15:13:07,197 - django.server - INFO - "GET /static/js/number_pad.js HTTP/1.1" 200 900
2024-10-10 15:13:07,527 - django.server - INFO - "GET /static/img/raman-03.jpg HTTP/1.1" 200 4110880
2024-10-10 15:13:11,103 - django.server - INFO - "GET /Ramen/db_index00/?count=1 HTTP/1.1" 200 2395
2024-10-10 15:13:11,143 - django.server - INFO - "GET /static/css/db_style00.css HTTP/1.1" 200 3425
2024-10-10 15:13:11,146 - django.server - INFO - "GET /static/js/number_pad.js HTTP/1.1" 200 900
2024-10-10 15:13:11,464 - django.server - INFO - "GET /static/img/raman-03.jpg HTTP/1.1" 200 4110880
2024-10-10 15:14:55,837 - django.server - INFO - "GET /Ramen/db_index00/?count=1 HTTP/1.1" 200 2402
2024-10-10 15:14:55,891 - django.server - INFO - "GET /static/css/db_style00.css HTTP/1.1" 200 3462
2024-10-10 15:14:55,891 - django.server - INFO - "GET /static/js/number_pad.js HTTP/1.1" 200 900
2024-10-10 15:14:56,182 - django.server - INFO - "GET /static/img/raman-03.jpg HTTP/1.1" 200 4110880
2024-10-10 15:15:55,358 - django.server - INFO - "GET /Ramen/db_index00/?count=1 HTTP/1.1" 200 2402
2024-10-10 15:15:55,405 - django.server - INFO - "GET /static/css/db_style00.css HTTP/1.1" 200 3472
2024-10-10 15:15:55,405 - django.server - INFO - "GET /static/js/number_pad.js HTTP/1.1" 200 900
2024-10-10 15:15:55,761 - django.server - INFO - "GET /static/img/raman-03.jpg HTTP/1.1" 200 4110880
2024-10-10 15:16:30,900 - django.server - INFO - "GET /Ramen/db_index00/?count=1 HTTP/1.1" 200 2402
2024-10-10 15:16:30,968 - django.server - INFO - "GET /static/css/db_style00.css HTTP/1.1" 200 3808
2024-10-10 15:16:30,968 - django.server - INFO - "GET /static/js/number_pad.js HTTP/1.1" 200 900
2024-10-10 15:16:31,296 - django.server - INFO - "GET /static/img/raman-03.jpg HTTP/1.1" 200 4110880
2024-10-10 15:17:40,859 - django.server - INFO - "GET /Ramen/db_index00/?count=1 HTTP/1.1" 200 2402
2024-10-10 15:17:40,915 - django.server - INFO - "GET /static/css/db_style00.css HTTP/1.1" 200 3827
2024-10-10 15:17:40,919 - django.server - INFO - "GET /static/js/number_pad.js HTTP/1.1" 200 900
2024-10-10 15:17:41,220 - django.server - INFO - "GET /static/img/raman-03.jpg HTTP/1.1" 200 4110880
2024-10-10 15:23:40,285 - django.server - INFO - "GET /Ramen/db_index00/?count=1 HTTP/1.1" 200 3879
2024-10-10 15:23:40,334 - django.server - INFO - "GET /static/js/number_pad.js HTTP/1.1" 200 900
2024-10-10 15:23:40,334 - django.server - INFO - "GET /static/css/db_style00.css HTTP/1.1" 200 3827
2024-10-10 15:23:40,616 - django.server - INFO - "GET /static/img/raman-03.jpg HTTP/1.1" 200 4110880
2024-10-10 15:24:06,693 - django.server - INFO - "GET /Ramen/db_index00/?count=1 HTTP/1.1" 200 3879
2024-10-10 15:24:06,759 - django.server - INFO - "GET /static/css/db_style00.css HTTP/1.1" 200 4130
2024-10-10 15:24:06,760 - django.server - INFO - "GET /static/js/number_pad.js HTTP/1.1" 200 900
2024-10-10 15:24:07,030 - django.server - INFO - "GET /static/img/raman-03.jpg HTTP/1.1" 200 4110880
2024-10-10 15:24:50,875 - django.server - INFO - "GET /Ramen/db_index00/?count=1 HTTP/1.1" 200 3608
2024-10-10 15:24:50,933 - django.server - INFO - "GET /static/css/db_style00.css HTTP/1.1" 200 4130
2024-10-10 15:24:50,935 - django.server - INFO - "GET /static/js/number_pad.js HTTP/1.1" 200 900
2024-10-10 15:24:51,289 - django.server - INFO - "GET /static/img/raman-03.jpg HTTP/1.1" 200 4110880
2024-10-10 15:25:18,343 - django.server - INFO - "GET /Ramen/db_index00/?count=1 HTTP/1.1" 200 3384
2024-10-10 15:25:18,408 - django.server - INFO - "GET /static/css/db_style00.css HTTP/1.1" 200 4130
2024-10-10 15:25:18,409 - django.server - INFO - "GET /static/js/number_pad.js HTTP/1.1" 200 900
2024-10-10 15:25:18,706 - django.server - INFO - "GET /static/img/raman-03.jpg HTTP/1.1" 200 4110880
2024-10-10 15:25:46,456 - django.server - INFO - "GET /Ramen/db_index00/?count=1 HTTP/1.1" 200 3384
2024-10-10 15:25:46,525 - django.server - INFO - "GET /static/js/number_pad.js HTTP/1.1" 200 900
2024-10-10 15:25:46,525 - django.server - INFO - "GET /static/css/db_style00.css HTTP/1.1" 200 4136
2024-10-10 15:25:46,842 - django.server - INFO - "GET /static/img/raman-03.jpg HTTP/1.1" 200 4110880
2024-10-10 15:26:06,869 - django.server - INFO - "GET /Ramen/db_index00/?count=1 HTTP/1.1" 200 3308
2024-10-10 15:26:06,926 - django.server - INFO - "GET /static/css/db_style00.css HTTP/1.1" 200 4136
2024-10-10 15:26:06,926 - django.server - INFO - "GET /static/js/number_pad.js HTTP/1.1" 200 900
2024-10-10 15:26:07,212 - django.server - INFO - "GET /static/img/raman-03.jpg HTTP/1.1" 200 4110880
2024-10-10 15:26:22,496 - django.server - INFO - "GET /Ramen/db_index00/?count=1 HTTP/1.1" 200 3301
2024-10-10 15:26:22,554 - django.server - INFO - "GET /static/css/db_style00.css HTTP/1.1" 200 4136
2024-10-10 15:26:22,555 - django.server - INFO - "GET /static/js/number_pad.js HTTP/1.1" 200 900
2024-10-10 15:26:22,841 - django.server - INFO - "GET /static/img/raman-03.jpg HTTP/1.1" 200 4110880
2024-10-10 15:26:41,411 - django.server - INFO - "GET /Ramen/db_index00/?count=1 HTTP/1.1" 200 3308
2024-10-10 15:26:41,468 - django.server - INFO - "GET /static/css/db_style00.css HTTP/1.1" 200 4137
2024-10-10 15:26:41,469 - django.server - INFO - "GET /static/js/number_pad.js HTTP/1.1" 200 900
2024-10-10 15:26:41,770 - django.server - INFO - "GET /static/img/raman-03.jpg HTTP/1.1" 200 4110880
2024-10-10 15:29:44,154 - django.server - INFO - "GET /Ramen/db_index00/?count=1 HTTP/1.1" 200 3696
2024-10-10 15:29:44,205 - django.server - INFO - "GET /static/js/number_pad.js HTTP/1.1" 200 900
2024-10-10 15:29:44,205 - django.server - INFO - "GET /static/css/db_style00.css HTTP/1.1" 200 4137
2024-10-10 15:29:44,471 - django.server - INFO - "GET /static/img/raman-03.jpg HTTP/1.1" 200 4110880
2024-10-10 15:30:11,297 - django.server - INFO - "GET /Ramen/db_index00/?count=1 HTTP/1.1" 200 3723
2024-10-10 15:30:11,360 - django.server - INFO - "GET /static/js/number_pad.js HTTP/1.1" 200 900
2024-10-10 15:30:11,360 - django.server - INFO - "GET /static/css/db_style00.css HTTP/1.1" 200 4137
2024-10-10 15:30:11,690 - django.server - INFO - "GET /static/img/raman-03.jpg HTTP/1.1" 200 4110880
2024-10-10 15:31:21,441 - django.server - INFO - "GET /Ramen/db_index00/?count=1 HTTP/1.1" 200 3810
2024-10-10 15:31:21,493 - django.server - INFO - "GET /static/css/db_style00.css HTTP/1.1" 200 4137
2024-10-10 15:31:21,494 - django.server - INFO - "GET /static/js/number_pad.js HTTP/1.1" 200 900
2024-10-10 15:31:21,764 - django.server - INFO - "GET /static/img/raman-03.jpg HTTP/1.1" 200 4110880
2024-10-10 15:31:42,251 - my_custom_logger - INFO - 사번: 20190118, 이름: 이인재, 주문수량: 1
2024-10-10 15:31:42,270 - django.server - INFO - "POST /Ramen/db_index00/ HTTP/1.1" 302 0
2024-10-10 15:32:03,369 - root - ERROR - PLC 연결 실패
2024-10-10 15:32:03,374 - django.server - INFO - "GET /Ramen/index05/1/20190118/ HTTP/1.1" 200 1544
2024-10-10 15:32:03,431 - django.server - INFO - "GET /static/css/style%2005.css HTTP/1.1" 200 4750
2024-10-10 15:32:03,431 - django.server - INFO - "GET /static/img/ABIMAN-CI-white.png HTTP/1.1" 200 10874
2024-10-10 15:32:03,441 - django.server - INFO - "GET /static/img/end.png HTTP/1.1" 200 88644
2024-10-10 15:32:03,443 - django.server - INFO - "GET /static/js/display_count.js HTTP/1.1" 200 627
2024-10-10 15:32:03,702 - django.server - INFO - "GET /static/img/raman-03.jpg HTTP/1.1" 200 4110880
2024-10-10 15:32:08,633 - django.server - INFO - "GET /Ramen/?count=1 HTTP/1.1" 200 1684
2024-10-10 15:32:08,685 - django.server - INFO - "GET /static/css/style.css HTTP/1.1" 200 5621
2024-10-10 15:32:08,686 - django.server - INFO - "GET /static/img/ABIMAN-CI-bagic.png HTTP/1.1" 200 10572
2024-10-10 15:32:08,692 - django.server - INFO - "GET /static/img/touth-black.png HTTP/1.1" 200 5557
2024-10-10 15:32:08,694 - django.server - INFO - "GET /static/img/fork-white.png HTTP/1.1" 200 6848
2024-10-10 15:32:09,688 - django.server - INFO - "GET /static/img/kitchen-bg.jpg HTTP/1.1" 200 17019309
2024-10-10 15:32:27,982 - django.server - INFO - "GET /Ramen/index02/ HTTP/1.1" 200 1768
2024-10-10 15:32:28,152 - django.server - INFO - "GET /static/css/style%2002.css HTTP/1.1" 200 4768
2024-10-10 15:32:28,158 - django.server - INFO - "GET /static/img/ABIMAN-CI-white.png HTTP/1.1" 200 10874
2024-10-10 15:32:28,159 - django.server - INFO - "GET /static/img/touth-white-17-18.png HTTP/1.1" 200 5213
2024-10-10 15:32:28,162 - django.server - INFO - "GET /static/img/shopping-white.png HTTP/1.1" 200 10009
2024-10-10 15:32:28,424 - django.server - INFO - "GET /static/img/raman-03.jpg HTTP/1.1" 200 4110880
2024-10-10 15:32:29,227 - django.server - INFO - "GET /Ramen/index04/ HTTP/1.1" 200 2201
2024-10-10 15:32:29,319 - django.server - INFO - "GET /static/css/style%2004.css HTTP/1.1" 200 5794
2024-10-10 15:32:29,322 - django.server - INFO - "GET /static/img/ABIMAN-CI-white.png HTTP/1.1" 200 10874
2024-10-10 15:32:29,328 - django.server - INFO - "GET /static/img/left.png HTTP/1.1" 200 7733
2024-10-10 15:32:29,329 - django.server - INFO - "GET /static/img/right-plus.png HTTP/1.1" 200 7788
2024-10-10 15:32:29,334 - django.server - INFO - "GET /static/img/again.png HTTP/1.1" 200 9408
2024-10-10 15:32:29,339 - django.server - INFO - "GET /static/js/order_count.js HTTP/1.1" 200 1010
2024-10-10 15:32:29,339 - django.server - INFO - "GET /static/img/check.png HTTP/1.1" 200 10761
2024-10-10 15:32:29,583 - django.server - INFO - "GET /static/img/raman-03.jpg HTTP/1.1" 200 4110880
2024-10-10 15:32:31,271 - django.server - INFO - "GET /Ramen/db_index00/?count=1 HTTP/1.1" 200 4002
2024-10-10 15:32:31,369 - django.server - INFO - "GET /static/js/number_pad.js HTTP/1.1" 200 900
2024-10-10 15:32:31,369 - django.server - INFO - "GET /static/css/db_style00.css HTTP/1.1" 200 4137
2024-10-10 15:32:31,785 - django.server - INFO - "GET /static/img/raman-03.jpg HTTP/1.1" 200 4110880
2024-10-10 15:34:22,237 - django.server - INFO - "GET /Ramen/db_index00/?count=1 HTTP/1.1" 200 3810
2024-10-10 15:34:22,316 - django.server - INFO - "GET /static/js/number_pad.js HTTP/1.1" 200 900
2024-10-10 15:34:22,317 - django.server - INFO - "GET /static/css/db_style00.css HTTP/1.1" 200 4156
2024-10-10 15:34:22,627 - django.server - INFO - "GET /static/img/raman-03.jpg HTTP/1.1" 200 4110880
2024-10-10 15:34:33,222 - django.server - INFO - "GET /Ramen/db_index00/?count=1 HTTP/1.1" 200 3810
2024-10-10 15:34:33,305 - django.server - INFO - "GET /static/css/db_style00.css HTTP/1.1" 200 4157
2024-10-10 15:34:33,306 - django.server - INFO - "GET /static/js/number_pad.js HTTP/1.1" 200 900
2024-10-10 15:34:33,621 - django.server - INFO - "GET /static/img/raman-03.jpg HTTP/1.1" 200 4110880
2024-10-10 15:34:45,501 - django.server - INFO - "GET /Ramen/db_index00/?count=1 HTTP/1.1" 200 3810
2024-10-10 15:34:45,536 - django.server - INFO - "GET /static/css/db_style00.css HTTP/1.1" 200 4157
2024-10-10 15:34:45,543 - django.server - INFO - "GET /static/js/number_pad.js HTTP/1.1" 200 900
2024-10-10 15:34:45,914 - django.server - INFO - "GET /static/img/raman-03.jpg HTTP/1.1" 200 4110880
2024-10-10 15:35:33,267 - django.server - INFO - "GET /Ramen/db_index00/?count=1 HTTP/1.1" 200 3810
2024-10-10 15:35:33,306 - django.server - INFO - "GET /static/css/db_style00.css HTTP/1.1" 200 4157
2024-10-10 15:35:33,306 - django.server - INFO - "GET /static/js/number_pad.js HTTP/1.1" 200 900
2024-10-10 15:35:33,669 - django.server - INFO - "GET /static/img/raman-03.jpg HTTP/1.1" 200 4110880
2024-10-10 15:36:35,163 - django.server - INFO - "GET /Ramen/db_index00/?count=1 HTTP/1.1" 200 3810
2024-10-10 15:36:35,209 - django.server - INFO - "GET /static/js/number_pad.js HTTP/1.1" 200 900
2024-10-10 15:36:35,210 - django.server - INFO - "GET /static/css/db_style00.css HTTP/1.1" 200 4157
2024-10-10 15:36:35,488 - django.server - INFO - "GET /static/img/raman-03.jpg HTTP/1.1" 200 4110880
2024-10-10 15:37:39,513 - django.server - INFO - "GET /Ramen/db_index00/?count=1 HTTP/1.1" 200 3810
2024-10-10 15:37:39,604 - django.server - INFO - "GET /static/js/number_pad.js HTTP/1.1" 200 900
2024-10-10 15:37:39,605 - django.server - INFO - "GET /static/css/db_style00.css HTTP/1.1" 200 4157
2024-10-10 15:37:39,947 - django.server - INFO - "GET /static/img/raman-03.jpg HTTP/1.1" 200 4110880
2024-10-10 15:43:23,655 - django.server - INFO - "GET /Ramen/db_index00/?count=1 HTTP/1.1" 200 3810
2024-10-10 15:43:23,752 - django.server - INFO - "GET /static/js/number_pad.js HTTP/1.1" 200 900
2024-10-10 15:43:23,753 - django.server - INFO - "GET /static/css/db_style00.css HTTP/1.1" 200 4179
2024-10-10 15:43:24,108 - django.server - INFO - "GET /static/img/raman-03.jpg HTTP/1.1" 200 4110880
2024-10-10 15:43:38,203 - django.server - INFO - "GET /Ramen/db_index00/?count=1 HTTP/1.1" 200 3810
2024-10-10 15:43:38,258 - django.server - INFO - "GET /static/css/db_style00.css HTTP/1.1" 200 4179
2024-10-10 15:43:38,259 - django.server - INFO - "GET /static/js/number_pad.js HTTP/1.1" 200 900
2024-10-10 15:43:38,546 - django.server - INFO - "GET /static/img/raman-03.jpg HTTP/1.1" 200 4110880
2024-10-10 15:43:41,315 - django.server - INFO - "POST /Ramen/db_index00/ HTTP/1.1" 200 3979
2024-10-10 15:43:41,525 - django.server - INFO - "GET /static/js/number_pad.js HTTP/1.1" 200 900
2024-10-10 15:43:41,526 - django.server - INFO - "GET /static/css/db_style00.css HTTP/1.1" 200 4179
2024-10-10 15:43:41,941 - django.server - INFO - "GET /static/img/raman-03.jpg HTTP/1.1" 200 4110880
2024-10-10 15:44:40,992 - django.server - INFO - "POST /Ramen/db_index00/ HTTP/1.1" 200 3979
2024-10-10 15:44:41,098 - django.server - INFO - "GET /static/css/db_style00.css HTTP/1.1" 200 4179
2024-10-10 15:44:41,104 - django.server - INFO - "GET /static/js/number_pad.js HTTP/1.1" 200 900
2024-10-10 15:44:41,373 - django.server - INFO - "GET /static/img/raman-03.jpg HTTP/1.1" 200 4110880
2024-10-10 15:44:48,980 - django.server - INFO - "GET /Ramen HTTP/1.1" 301 0
2024-10-10 15:44:49,038 - django.server - INFO - "GET /Ramen/ HTTP/1.1" 200 1684
2024-10-10 15:44:49,166 - django.server - INFO - "GET /static/img/ABIMAN-CI-bagic.png HTTP/1.1" 200 10572
2024-10-10 15:44:49,168 - django.server - INFO - "GET /static/css/style.css HTTP/1.1" 200 5621
2024-10-10 15:44:49,171 - django.server - INFO - "GET /static/img/fork-white.png HTTP/1.1" 200 6848
2024-10-10 15:44:49,172 - django.server - INFO - "GET /static/img/touth-black.png HTTP/1.1" 200 5557
2024-10-10 15:44:50,139 - django.server - INFO - "GET /static/img/kitchen-bg.jpg HTTP/1.1" 200 17019309
2024-10-10 15:44:50,317 - django.server - INFO - "GET /Ramen/index02/ HTTP/1.1" 200 1768
2024-10-10 15:44:50,606 - django.server - INFO - "GET /static/css/style%2002.css HTTP/1.1" 200 4768
2024-10-10 15:44:50,609 - django.server - INFO - "GET /static/img/ABIMAN-CI-white.png HTTP/1.1" 200 10874
2024-10-10 15:44:50,614 - django.server - INFO - "GET /static/img/touth-white-17-18.png HTTP/1.1" 200 5213
2024-10-10 15:44:50,615 - django.server - INFO - "GET /static/img/shopping-white.png HTTP/1.1" 200 10009
2024-10-10 15:44:50,883 - django.server - INFO - "GET /static/img/raman-03.jpg HTTP/1.1" 200 4110880
2024-10-10 15:44:51,399 - django.server - INFO - "GET /Ramen/index04/ HTTP/1.1" 200 2201
2024-10-10 15:44:51,482 - django.server - INFO - "GET /static/img/ABIMAN-CI-white.png HTTP/1.1" 200 10874
2024-10-10 15:44:51,482 - django.server - INFO - "GET /static/css/style%2004.css HTTP/1.1" 200 5794
2024-10-10 15:44:51,492 - django.server - INFO - "GET /static/img/left.png HTTP/1.1" 200 7733
2024-10-10 15:44:51,495 - django.server - INFO - "GET /static/img/right-plus.png HTTP/1.1" 200 7788
2024-10-10 15:44:51,497 - django.server - INFO - "GET /static/img/again.png HTTP/1.1" 200 9408
2024-10-10 15:44:51,503 - django.server - INFO - "GET /static/js/order_count.js HTTP/1.1" 200 1010
2024-10-10 15:44:51,504 - django.server - INFO - "GET /static/img/check.png HTTP/1.1" 200 10761
2024-10-10 15:44:51,767 - django.server - INFO - "GET /static/img/raman-03.jpg HTTP/1.1" 200 4110880
2024-10-10 15:44:52,716 - django.server - INFO - "GET /Ramen/db_index00/?count=1 HTTP/1.1" 200 3810
2024-10-10 15:44:52,910 - django.server - INFO - "GET /static/css/db_style00.css HTTP/1.1" 200 4179
2024-10-10 15:44:52,912 - django.server - INFO - "GET /static/js/number_pad.js HTTP/1.1" 200 900
2024-10-10 15:44:53,396 - django.server - INFO - "GET /static/img/raman-03.jpg HTTP/1.1" 200 4110880
2024-10-10 15:45:07,164 - django.server - INFO - "POST /Ramen/db_index00/ HTTP/1.1" 200 3979
2024-10-10 15:45:07,322 - django.server - INFO - "GET /static/css/db_style00.css HTTP/1.1" 200 4179
2024-10-10 15:45:07,329 - django.server - INFO - "GET /static/js/number_pad.js HTTP/1.1" 200 900
2024-10-10 15:45:07,649 - django.server - INFO - "GET /static/img/raman-03.jpg HTTP/1.1" 200 4110880
2024-10-10 15:50:27,014 - django.server - INFO - "POST /Ramen/db_index00/ HTTP/1.1" 200 3979
2024-10-10 15:50:27,098 - django.server - INFO - "GET /static/css/db_style00.css HTTP/1.1" 200 4179
2024-10-10 15:50:27,099 - django.server - INFO - "GET /static/js/number_pad.js HTTP/1.1" 200 900
2024-10-10 15:50:27,424 - django.server - INFO - "GET /static/img/raman-03.jpg HTTP/1.1" 200 4110880
2024-10-10 16:11:12,518 - django.server - INFO - "GET /Ramen/ HTTP/1.1" 200 1684
2024-10-10 16:11:18,265 - django.server - INFO - "GET /Ramen/index02/ HTTP/1.1" 200 1768
2024-10-10 16:11:18,361 - django.server - INFO - "GET /static/css/style%2002.css HTTP/1.1" 200 4768
2024-10-10 16:11:18,364 - django.server - INFO - "GET /static/img/ABIMAN-CI-white.png HTTP/1.1" 200 10874
2024-10-10 16:11:18,385 - django.server - INFO - "GET /static/img/touth-white-17-18.png HTTP/1.1" 200 5213
2024-10-10 16:11:18,387 - django.server - INFO - "GET /static/img/shopping-white.png HTTP/1.1" 200 10009
2024-10-10 16:11:18,632 - django.server - INFO - "GET /static/img/raman-03.jpg HTTP/1.1" 200 4110880
2024-10-10 16:11:21,668 - django.server - INFO - "GET /Ramen/index04/ HTTP/1.1" 200 2201
2024-10-10 16:11:21,709 - django.server - INFO - "GET /static/css/style%2004.css HTTP/1.1" 200 5794
2024-10-10 16:11:21,715 - django.server - INFO - "GET /static/img/ABIMAN-CI-white.png HTTP/1.1" 200 10874
2024-10-10 16:11:21,720 - django.server - INFO - "GET /static/img/left.png HTTP/1.1" 200 7733
2024-10-10 16:11:21,721 - django.server - INFO - "GET /static/img/right-plus.png HTTP/1.1" 200 7788
2024-10-10 16:11:21,724 - django.server - INFO - "GET /static/img/again.png HTTP/1.1" 200 9408
2024-10-10 16:11:21,728 - django.server - INFO - "GET /static/js/order_count.js HTTP/1.1" 200 1010
2024-10-10 16:11:21,729 - django.server - INFO - "GET /static/img/check.png HTTP/1.1" 200 10761
2024-10-10 16:11:21,974 - django.server - INFO - "GET /static/img/raman-03.jpg HTTP/1.1" 200 4110880
2024-10-10 16:11:23,014 - django.server - INFO - "GET /Ramen/db_index00/?count=1 HTTP/1.1" 200 3423
2024-10-10 16:11:23,056 - django.server - INFO - "GET /static/js/number_pad.js HTTP/1.1" 200 900
2024-10-10 16:11:23,058 - django.server - INFO - "GET /static/css/db_style00.css HTTP/1.1" 200 4179
2024-10-10 16:11:23,418 - django.server - INFO - "GET /static/img/raman-03.jpg HTTP/1.1" 200 4110880
2024-10-10 16:11:34,862 - django.request - ERROR - Internal Server Error: /Ramen/db_index00/
Traceback (most recent call last):
  File "/usr/local/lib/python3.9/site-packages/django/db/backends/utils.py", line 84, in _execute
    return self.cursor.execute(sql, params)
  File "/usr/local/lib/python3.9/site-packages/django/db/backends/sqlite3/base.py", line 423, in execute
    return Database.Cursor.execute(self, query, params)
sqlite3.OperationalError: disk I/O error

The above exception was the direct cause of the following exception:

Traceback (most recent call last):
  File "/usr/local/lib/python3.9/site-packages/django/core/handlers/exception.py", line 47, in inner
    response = get_response(request)
  File "/usr/local/lib/python3.9/site-packages/django/core/handlers/base.py", line 181, in _get_response
    response = wrapped_callback(request, *callback_args, **callback_kwargs)
  File "/app/Ramen/views/db_index00.py", line 33, in login_view
    login(request, user)
  File "/usr/local/lib/python3.9/site-packages/django/contrib/auth/__init__.py", line 135, in login
    user_logged_in.send(sender=user.__class__, request=request, user=user)
  File "/usr/local/lib/python3.9/site-packages/django/dispatch/dispatcher.py", line 180, in send
    return [
  File "/usr/local/lib/python3.9/site-packages/django/dispatch/dispatcher.py", line 181, in <listcomp>
    (receiver, receiver(signal=self, sender=sender, **named))
  File "/usr/local/lib/python3.9/site-packages/django/contrib/auth/models.py", line 22, in update_last_login
    user.save(update_fields=['last_login'])
  File "/usr/local/lib/python3.9/site-packages/django/contrib/auth/base_user.py", line 67, in save
    super().save(*args, **kwargs)
  File "/usr/local/lib/python3.9/site-packages/django/db/models/base.py", line 739, in save
    self.save_base(using=using, force_insert=force_insert,
  File "/usr/local/lib/python3.9/site-packages/django/db/models/base.py", line 776, in save_base
    updated = self._save_table(
  File "/usr/local/lib/python3.9/site-packages/django/db/models/base.py", line 858, in _save_table
    updated = self._do_update(base_qs, using, pk_val, values, update_fields,
  File "/usr/local/lib/python3.9/site-packages/django/db/models/base.py", line 912, in _do_update
    return filtered._update(values) > 0
  File "/usr/local/lib/python3.9/site-packages/django/db/models/query.py", line 802, in _update
    return query.get_compiler(self.db).execute_sql(CURSOR)
  File "/usr/local/lib/python3.9/site-packages/django/db/models/sql/compiler.py", line 1559, in execute_sql
    cursor = super().execute_sql(result_type)
  File "/usr/local/lib/python3.9/site-packages/django/db/models/sql/compiler.py", line 1175, in execute_sql
    cursor.execute(sql, params)
  File "/usr/local/lib/python3.9/site-packages/django/db/backends/utils.py", line 98, in execute
    return super().execute(sql, params)
  File "/usr/local/lib/python3.9/site-packages/django/db/backends/utils.py", line 66, in execute
    return self._execute_with_wrappers(sql, params, many=False, executor=self._execute)
  File "/usr/local/lib/python3.9/site-packages/django/db/backends/utils.py", line 75, in _execute_with_wrappers
    return executor(sql, params, many, context)
  File "/usr/local/lib/python3.9/site-packages/django/db/backends/utils.py", line 84, in _execute
    return self.cursor.execute(sql, params)
  File "/usr/local/lib/python3.9/site-packages/django/db/utils.py", line 90, in __exit__
    raise dj_exc_value.with_traceback(traceback) from exc_value
  File "/usr/local/lib/python3.9/site-packages/django/db/backends/utils.py", line 84, in _execute
    return self.cursor.execute(sql, params)
  File "/usr/local/lib/python3.9/site-packages/django/db/backends/sqlite3/base.py", line 423, in execute
    return Database.Cursor.execute(self, query, params)
django.db.utils.OperationalError: disk I/O error
2024-10-10 16:11:34,869 - django.server - ERROR - "POST /Ramen/db_index00/ HTTP/1.1" 500 160794
2024-10-10 16:13:47,036 - django.security.csrf - WARNING - Forbidden (CSRF token missing or incorrect.): /Ramen/db_index00/
2024-10-10 16:13:47,037 - django.server - WARNING - "POST /Ramen/db_index00/ HTTP/1.1" 403 2544
2024-10-10 16:13:53,924 - django.server - INFO - "GET /Ramen/ HTTP/1.1" 200 1684
2024-10-10 16:13:54,002 - django.server - INFO - "GET /static/img/ABIMAN-CI-bagic.png HTTP/1.1" 200 10572
2024-10-10 16:13:54,006 - django.server - INFO - "GET /static/img/touth-black.png HTTP/1.1" 200 5557
2024-10-10 16:13:54,006 - django.server - INFO - "GET /static/css/style.css HTTP/1.1" 200 5621
2024-10-10 16:13:54,009 - django.server - INFO - "GET /static/img/fork-white.png HTTP/1.1" 200 6848
2024-10-10 16:13:55,066 - django.server - INFO - "GET /static/img/kitchen-bg.jpg HTTP/1.1" 200 17019309
2024-10-10 16:14:16,836 - django.server - INFO - "GET /static/img/kitchen-bg.jpg HTTP/1.1" 200 17019309
2024-10-10 16:14:41,836 - django.server - INFO - "GET /Ramen/ HTTP/1.1" 200 1684
2024-10-10 16:14:42,105 - django.request - WARNING - Not Found: /favicon.ico
2024-10-10 16:14:42,106 - django.server - WARNING - "GET /favicon.ico HTTP/1.1" 404 2569
2024-10-10 16:14:43,531 - django.server - INFO - "GET /Ramen/index02/ HTTP/1.1" 200 1768
2024-10-10 16:14:44,715 - django.server - INFO - "GET /Ramen/index04/ HTTP/1.1" 200 2201
2024-10-10 16:14:45,884 - django.server - INFO - "GET /Ramen/db_index00/?count=1 HTTP/1.1" 200 3423
2024-10-10 16:14:45,921 - django.server - INFO - "GET /static/css/db_style00.css HTTP/1.1" 304 0
2024-10-10 16:14:56,200 - django.server - INFO - "POST /Ramen/db_index00/ HTTP/1.1" 302 0
2024-10-10 16:14:56,221 - django.server - INFO - "GET /Ramen/pass/20190118/1/ HTTP/1.1" 200 2232
2024-10-10 16:14:56,264 - django.server - INFO - "GET /static/css/password.css HTTP/1.1" 200 1848
2024-10-10 18:27:35,384 - root - INFO - Starting Modbus communication thread...
2024-10-10 18:27:35,387 - root - INFO - Modbus thread started successfully.
2024-10-10 18:27:36,286 - root - INFO - Starting Modbus communication thread...
2024-10-10 18:27:36,288 - root - INFO - Modbus thread started successfully.
2024-10-10 18:27:36,341 - django.utils.autoreload - INFO - Watching for file changes with StatReloader
2024-10-10 18:59:34,356 - django.server - INFO - "GET /Ramen/ HTTP/1.1" 200 1684
2024-10-10 18:59:34,400 - django.server - INFO - "GET /static/css/style.css HTTP/1.1" 304 0
2024-10-10 18:59:34,493 - django.request - WARNING - Not Found: /favicon.ico
2024-10-10 18:59:34,494 - django.server - WARNING - "GET /favicon.ico HTTP/1.1" 404 2573
2024-10-10 18:59:42,216 - django.server - INFO - "GET /Ramen/index02/ HTTP/1.1" 200 1768
2024-10-10 18:59:42,297 - django.server - INFO - "GET /static/img/touth-white-17-18.png HTTP/1.1" 200 5213
2024-10-10 18:59:42,298 - django.server - INFO - "GET /static/css/style%2002.css HTTP/1.1" 200 4768
2024-10-10 18:59:42,299 - django.server - INFO - "GET /static/img/ABIMAN-CI-white.png HTTP/1.1" 200 10874
2024-10-10 18:59:42,299 - django.server - INFO - "GET /static/img/shopping-white.png HTTP/1.1" 200 10009
2024-10-10 18:59:42,631 - django.server - INFO - "GET /static/img/raman-03.jpg HTTP/1.1" 200 4110880
2024-10-10 18:59:43,647 - django.server - INFO - "GET /Ramen/index04/ HTTP/1.1" 200 2201
2024-10-10 18:59:43,723 - django.server - INFO - "GET /static/img/ABIMAN-CI-white.png HTTP/1.1" 200 10874
2024-10-10 18:59:43,727 - django.server - INFO - "GET /static/img/right-plus.png HTTP/1.1" 200 7788
2024-10-10 18:59:43,728 - django.server - INFO - "GET /static/css/style%2004.css HTTP/1.1" 200 5794
2024-10-10 18:59:43,729 - django.server - INFO - "GET /static/img/left.png HTTP/1.1" 200 7733
2024-10-10 18:59:43,732 - django.server - INFO - "GET /static/img/again.png HTTP/1.1" 200 9408
2024-10-10 18:59:43,743 - django.server - INFO - "GET /static/js/order_count.js HTTP/1.1" 200 1010
2024-10-10 18:59:43,744 - django.server - INFO - "GET /static/img/check.png HTTP/1.1" 200 10761
2024-10-10 18:59:44,014 - django.server - INFO - "GET /static/img/raman-03.jpg HTTP/1.1" 200 4110880
2024-10-10 18:59:46,306 - django.server - INFO - "GET /Ramen/db_index00/?count=1 HTTP/1.1" 200 3423
2024-10-10 18:59:46,345 - django.server - INFO - "GET /static/js/number_pad.js HTTP/1.1" 200 900
2024-10-10 18:59:46,345 - django.server - INFO - "GET /static/css/db_style00.css HTTP/1.1" 200 4179
2024-10-10 18:59:46,735 - django.server - INFO - "GET /static/img/raman-03.jpg HTTP/1.1" 200 4110880
2024-10-10 19:00:14,361 - django.server - INFO - "GET /Ramen/db_index00/?count=1 HTTP/1.1" 200 3423
2024-10-10 19:00:14,425 - django.server - INFO - "GET /static/css/db_style00.css HTTP/1.1" 200 4179
2024-10-10 19:00:14,454 - django.server - INFO - "GET /static/js/number_pad.js HTTP/1.1" 200 900
2024-10-10 19:00:14,590 - django.server - INFO - "GET /static/img/raman-03.jpg HTTP/1.1" 200 4110880
2024-10-10 19:00:40,188 - my_custom_logger - INFO - 사번: 20190118, 이름: 이인재, 주문수량: 1
2024-10-10 19:00:40,208 - django.server - INFO - "POST /Ramen/db_index00/ HTTP/1.1" 302 0
2024-10-10 19:00:40,452 - root - INFO - PLC에 주문 수량 1 전송 성공 - 사번: 20190118
2024-10-10 19:00:40,460 - django.server - INFO - "GET /Ramen/index05/1/20190118/ HTTP/1.1" 200 1544
2024-10-10 19:00:40,543 - django.server - INFO - "GET /static/img/ABIMAN-CI-white.png HTTP/1.1" 200 10874
2024-10-10 19:00:40,550 - django.server - INFO - "GET /static/js/display_count.js HTTP/1.1" 200 627
2024-10-10 19:00:40,551 - django.server - INFO - "GET /static/css/style%2005.css HTTP/1.1" 200 4750
2024-10-10 19:00:40,554 - django.server - INFO - "GET /static/img/end.png HTTP/1.1" 200 88644
2024-10-10 19:00:40,671 - django.server - INFO - "GET /static/img/raman-03.jpg HTTP/1.1" 200 4110880
2024-10-10 19:00:45,920 - django.server - INFO - "GET /Ramen/?count=1 HTTP/1.1" 200 1684
2024-10-10 19:00:46,057 - django.server - INFO - "GET /static/img/ABIMAN-CI-bagic.png HTTP/1.1" 200 10572
2024-10-10 19:00:46,058 - django.server - INFO - "GET /static/img/touth-black.png HTTP/1.1" 200 5557
2024-10-10 19:00:46,059 - django.server - INFO - "GET /static/img/fork-white.png HTTP/1.1" 200 6848
2024-10-10 19:00:46,059 - django.server - INFO - "GET /static/css/style.css HTTP/1.1" 200 5621
2024-10-10 19:00:47,353 - django.server - INFO - "GET /static/img/kitchen-bg.jpg HTTP/1.1" 200 17019309
2024-10-10 19:01:12,161 - my_custom_logger - INFO - 사번: 20190118, 이름: 이인재, 주문수량: 1
2024-10-10 19:01:12,181 - django.server - INFO - "POST /Ramen/db_index00/ HTTP/1.1" 302 0
2024-10-10 19:01:12,399 - root - INFO - PLC에 주문 수량 1 전송 성공 - 사번: 20190118
2024-10-10 19:01:12,406 - django.server - INFO - "GET /Ramen/index05/1/20190118/ HTTP/1.1" 200 1544
2024-10-10 19:01:12,457 - django.server - INFO - "GET /static/css/style%2005.css HTTP/1.1" 200 4750
2024-10-10 19:01:12,458 - django.server - INFO - "GET /static/img/ABIMAN-CI-white.png HTTP/1.1" 200 10874
2024-10-10 19:01:12,478 - django.server - INFO - "GET /static/js/display_count.js HTTP/1.1" 200 627
2024-10-10 19:01:12,479 - django.server - INFO - "GET /static/img/end.png HTTP/1.1" 200 88644
2024-10-10 19:01:12,763 - django.server - INFO - "GET /static/img/raman-03.jpg HTTP/1.1" 200 4110880
2024-10-10 19:01:17,716 - django.server - INFO - "GET /Ramen/?count=1 HTTP/1.1" 200 1684
2024-10-10 19:01:17,757 - django.server - INFO - "GET /static/img/ABIMAN-CI-bagic.png HTTP/1.1" 200 10572
2024-10-10 19:01:17,759 - django.server - INFO - "GET /static/css/style.css HTTP/1.1" 200 5621
2024-10-10 19:01:17,770 - django.server - INFO - "GET /static/img/touth-black.png HTTP/1.1" 200 5557
2024-10-10 19:01:17,774 - django.server - INFO - "GET /static/img/fork-white.png HTTP/1.1" 200 6848
2024-10-10 19:01:18,751 - django.server - INFO - "GET /static/img/kitchen-bg.jpg HTTP/1.1" 200 17019309
2024-10-10 19:10:00,148 - django.utils.autoreload - INFO - /app/config/settings.py changed, reloading.
2024-10-10 19:10:00,690 - root - INFO - Starting Modbus communication thread...
2024-10-10 19:10:00,691 - root - INFO - Modbus thread started successfully.
2024-10-10 19:10:00,727 - django.utils.autoreload - INFO - Watching for file changes with StatReloader
2024-10-10 19:10:10,222 - django.server - INFO - "GET /Ramen/index02/ HTTP/1.1" 200 1768
2024-10-10 19:10:10,386 - django.server - INFO - "GET /static/css/style%2002.css HTTP/1.1" 200 4768
2024-10-10 19:10:10,388 - django.server - INFO - "GET /static/img/touth-white-17-18.png HTTP/1.1" 200 5213
2024-10-10 19:10:10,389 - django.server - INFO - "GET /static/img/ABIMAN-CI-white.png HTTP/1.1" 200 10874
2024-10-10 19:10:10,391 - django.server - INFO - "GET /static/img/shopping-white.png HTTP/1.1" 200 10009
2024-10-10 19:10:10,661 - django.server - INFO - "GET /static/img/raman-03.jpg HTTP/1.1" 200 4110880
2024-10-10 19:10:18,919 - django.server - INFO - "GET /Ramen/index04/ HTTP/1.1" 200 2201
2024-10-10 19:10:18,996 - django.server - INFO - "GET /static/css/style%2004.css HTTP/1.1" 200 5794
2024-10-10 19:10:18,997 - django.server - INFO - "GET /static/img/ABIMAN-CI-white.png HTTP/1.1" 200 10874
2024-10-10 19:10:19,027 - django.server - INFO - "GET /static/img/left.png HTTP/1.1" 200 7733
2024-10-10 19:10:19,030 - django.server - INFO - "GET /static/img/right-plus.png HTTP/1.1" 200 7788
2024-10-10 19:10:19,030 - django.server - INFO - "GET /static/img/again.png HTTP/1.1" 200 9408
2024-10-10 19:10:19,035 - django.server - INFO - "GET /static/js/order_count.js HTTP/1.1" 200 1010
2024-10-10 19:10:19,035 - django.server - INFO - "GET /static/img/check.png HTTP/1.1" 200 10761
2024-10-10 19:10:19,309 - django.server - INFO - "GET /static/img/raman-03.jpg HTTP/1.1" 200 4110880
2024-10-10 19:11:31,005 - django.utils.autoreload - INFO - /app/config/settings.py changed, reloading.
2024-10-10 19:11:31,382 - root - INFO - Starting Modbus communication thread...
2024-10-10 19:11:31,383 - root - INFO - Modbus thread started successfully.
2024-10-10 19:11:31,407 django.utils.autoreload INFO Watching for file changes with StatReloader
2024-10-10 19:11:31,407 - django.utils.autoreload - INFO - Watching for file changes with StatReloader
2024-10-10 19:11:36,237 django.server INFO "GET /Ramen/ HTTP/1.1" 200 1684
2024-10-10 19:11:45,387 django.server INFO "GET /Ramen/index02/ HTTP/1.1" 200 1768
2024-10-10 19:11:50,466 django.server INFO "GET /Ramen/index04/ HTTP/1.1" 200 2201
2024-10-10 19:11:59,188 django.utils.autoreload INFO /app/config/settings.py changed, reloading.
2024-10-10 19:11:59,188 - django.utils.autoreload - INFO - /app/config/settings.py changed, reloading.
2024-10-10 19:11:59,597 - root - INFO - Starting Modbus communication thread...
2024-10-10 19:11:59,598 - root - INFO - Modbus thread started successfully.
2024-10-10 19:11:59,622 - django.utils.autoreload - INFO - Watching for file changes with StatReloader
2024-10-10 19:12:02,063 - django.server - INFO - "GET /Ramen/ HTTP/1.1" 200 1684
2024-10-10 19:12:02,202 - django.server - INFO - "GET /static/css/style.css HTTP/1.1" 200 5621
2024-10-10 19:12:02,204 - django.server - INFO - "GET /static/img/ABIMAN-CI-bagic.png HTTP/1.1" 200 10572
2024-10-10 19:12:02,205 - django.server - INFO - "GET /static/img/touth-black.png HTTP/1.1" 200 5557
2024-10-10 19:12:02,206 - django.server - INFO - "GET /static/img/fork-white.png HTTP/1.1" 200 6848
2024-10-10 19:12:03,305 - django.server - INFO - "GET /static/img/kitchen-bg.jpg HTTP/1.1" 200 17019309
2024-10-10 19:42:47,730 - django.utils.autoreload - INFO - /app/Ramen/admin.py changed, reloading.
2024-10-10 19:42:48,214 - root - INFO - Starting Modbus communication thread...
2024-10-10 19:42:48,215 - root - INFO - Modbus thread started successfully.
2024-10-10 19:42:48,246 - django.utils.autoreload - INFO - Watching for file changes with StatReloader
2024-10-10 19:43:42,102 - django.utils.autoreload - INFO - /app/Ramen/apps.py changed, reloading.
2024-10-10 19:43:42,556 - root - INFO - Starting Modbus communication thread...
2024-10-10 19:43:42,557 - root - INFO - Modbus thread started successfully.
2024-10-10 19:43:42,591 - django.utils.autoreload - INFO - Watching for file changes with StatReloader
2024-10-10 19:45:37,167 - django.utils.autoreload - INFO - /app/Ramen/modbus_task.py changed, reloading.
2024-10-10 19:45:37,510 - root - INFO - Starting Modbus communication thread...
2024-10-10 19:45:37,511 - root - INFO - Modbus thread started successfully.
2024-10-10 19:45:37,533 - django.utils.autoreload - INFO - Watching for file changes with StatReloader
2024-10-10 19:47:31,084 - django.utils.autoreload - INFO - /app/Ramen/models.py changed, reloading.
2024-10-10 19:47:31,476 - root - INFO - Starting Modbus communication thread...
2024-10-10 19:47:31,477 - root - INFO - Modbus thread started successfully.
2024-10-10 19:47:31,500 - django.utils.autoreload - INFO - Watching for file changes with StatReloader
